<?xml version="1.0" encoding="UTF-8"?>
<!-- Generated by org.testng.reporters.JUnitReportReporter -->
<testsuite skipped="1" hostname="User-PC" name="vtiger_maven.test_scripts.EditRecentlyViewedPriceBookTest" tests="1" failures="0" timestamp="05 Dec 2020 06:42:31 GMT" time="0.001" errors="0">
  <testcase name="editRecentView" time="0.001" classname="vtiger_maven.test_scripts.EditRecentlyViewedPriceBookTest">
    <skipped/>
  </testcase> <!-- editRecentView -->
</testsuite> <!-- vtiger_maven.test_scripts.EditRecentlyViewedPriceBookTest -->
