<?xml version="1.0" encoding="UTF-8"?>
<!-- Generated by org.testng.reporters.JUnitReportReporter -->
<testsuite skipped="1" hostname="User-PC" name="vtiger_maven.test_scripts.CreateNewFilterTest" tests="1" failures="0" timestamp="05 Dec 2020 06:42:31 GMT" time="0.001" errors="0">
  <testcase name="addNewFilter" time="0.001" classname="vtiger_maven.test_scripts.CreateNewFilterTest">
    <skipped/>
  </testcase> <!-- addNewFilter -->
</testsuite> <!-- vtiger_maven.test_scripts.CreateNewFilterTest -->
